<?xml version="1.0" encoding="UTF-8"?>
<testsuite name="ru.stqa.pft.jivo.ContactCreationTest" tests="1" skipped="0" failures="0" errors="0" timestamp="2021-07-17T07:42:50" hostname="DESKTOP-OGOROKQ" time="0.809">
  <properties/>
  <testcase name="testUntitledTestCase" classname="ru.stqa.pft.jivo.ContactCreationTest" time="0.809"/>
  <system-out><![CDATA[]]></system-out>
  <system-err><![CDATA[Starting ChromeDriver 91.0.4472.101 (af52a90bf87030dd1523486a1cd3ae25c5d76c9b-refs/branch-heads/4472@{#1462}) on port 13759
Only local connections are allowed.
Please see https://chromedriver.chromium.org/security-considerations for suggestions on keeping ChromeDriver safe.
ChromeDriver was started successfully.
июл. 17, 2021 10:42:50 AM org.openqa.selenium.remote.ProtocolHandshake createSession
INFO: Detected dialect: W3C
]]></system-err>
</testsuite>
