<?xml version="1.0" encoding="UTF-8"?>
<testsuite name="ru.stqa.pft.jivo.tests.GroupCreationTest" tests="1" skipped="0" failures="0" errors="0" timestamp="2021-07-17T12:41:56" hostname="DESKTOP-OGOROKQ" time="0.654">
  <properties/>
  <testcase name="testGroupCreation" classname="ru.stqa.pft.jivo.tests.GroupCreationTest" time="0.654"/>
  <system-out><![CDATA[]]></system-out>
  <system-err><![CDATA[Starting ChromeDriver 91.0.4472.101 (af52a90bf87030dd1523486a1cd3ae25c5d76c9b-refs/branch-heads/4472@{#1462}) on port 35126
Only local connections are allowed.
Please see https://chromedriver.chromium.org/security-considerations for suggestions on keeping ChromeDriver safe.
ChromeDriver was started successfully.
июл. 17, 2021 3:41:55 PM org.openqa.selenium.remote.ProtocolHandshake createSession
INFO: Detected dialect: W3C
]]></system-err>
</testsuite>
