<?xml version="1.0" encoding="UTF-8"?>
<testsuite name="ru.stqa.pft.jivo.tests.GroupModificationTest" tests="1" skipped="0" failures="0" errors="0" timestamp="2021-07-17T12:55:51" hostname="DESKTOP-OGOROKQ" time="1.627">
  <properties/>
  <testcase name="testGroupModification" classname="ru.stqa.pft.jivo.tests.GroupModificationTest" time="1.627"/>
  <system-out><![CDATA[]]></system-out>
  <system-err><![CDATA[Starting ChromeDriver 91.0.4472.101 (af52a90bf87030dd1523486a1cd3ae25c5d76c9b-refs/branch-heads/4472@{#1462}) on port 15112
Only local connections are allowed.
Please see https://chromedriver.chromium.org/security-considerations for suggestions on keeping ChromeDriver safe.
ChromeDriver was started successfully.
июл. 17, 2021 3:55:50 PM org.openqa.selenium.remote.ProtocolHandshake createSession
INFO: Detected dialect: W3C
]]></system-err>
</testsuite>
